{
  "RSpec": {
    "coverage": {
      "/Users/rajaaboulassouak/turing/2module/rails-projects/school/config/environment.rb": [
        null,
        1,
        null,
        null,
        1
      ],
      "/Users/rajaaboulassouak/turing/2module/rails-projects/school/config/application.rb": [
        1,
        null,
        1,
        null,
        1,
        1,
        1,
        1,
        1,
        1,
        1,
        1,
        null,
        null,
        null,
        null,
        1,
        null,
        1,
        1,
        null,
        1,
        null,
        null,
        null,
        null,
        null,
        null,
        1,
        null,
        null
      ],
      "/Users/rajaaboulassouak/turing/2module/rails-projects/school/config/boot.rb": [
        1,
        null,
        1
      ],
      "/Users/rajaaboulassouak/turing/2module/rails-projects/school/config/environments/test.rb": [
        1,
        null,
        null,
        null,
        null,
        null,
        null,
        1,
        null,
        null,
        null,
        null,
        1,
        null,
        null,
        1,
        1,
        null,
        null,
        null,
        null,
        1,
        1,
        null,
        null,
        1,
        null,
        null,
        1,
        1,
        null,
        null,
        null,
        null,
        1,
        null,
        null,
        1,
        null,
        null,
        null,
        null
      ],
      "/Users/rajaaboulassouak/turing/2module/rails-projects/school/config/initializers/application_controller_renderer.rb": [
        null,
        null,
        null,
        null,
        null,
        null,
        null,
        null
      ],
      "/Users/rajaaboulassouak/turing/2module/rails-projects/school/config/initializers/assets.rb": [
        null,
        null,
        null,
        1,
        null,
        null,
        null,
        null,
        1,
        null,
        null,
        null,
        null,
        null
      ],
      "/Users/rajaaboulassouak/turing/2module/rails-projects/school/config/initializers/backtrace_silencers.rb": [
        null,
        null,
        null,
        null,
        null,
        null,
        null
      ],
      "/Users/rajaaboulassouak/turing/2module/rails-projects/school/config/initializers/cookies_serializer.rb": [
        null,
        null,
        null,
        null,
        1
      ],
      "/Users/rajaaboulassouak/turing/2module/rails-projects/school/config/initializers/filter_parameter_logging.rb": [
        null,
        null,
        null,
        1
      ],
      "/Users/rajaaboulassouak/turing/2module/rails-projects/school/config/initializers/inflections.rb": [
        null,
        null,
        null,
        null,
        null,
        null,
        null,
        null,
        null,
        null,
        null,
        null,
        null,
        null,
        null,
        null
      ],
      "/Users/rajaaboulassouak/turing/2module/rails-projects/school/config/initializers/mime_types.rb": [
        null,
        null,
        null,
        null
      ],
      "/Users/rajaaboulassouak/turing/2module/rails-projects/school/config/initializers/wrap_parameters.rb": [
        null,
        null,
        null,
        null,
        null,
        null,
        1,
        2,
        null,
        null,
        null,
        null,
        null,
        null
      ],
      "/Users/rajaaboulassouak/turing/2module/rails-projects/school/config/routes.rb": [
        1,
        null,
        1,
        1,
        null,
        null,
        null,
        null
      ],
      "/Users/rajaaboulassouak/turing/2module/rails-projects/school/app/helpers/application_helper.rb": [
        1,
        null
      ],
      "/Users/rajaaboulassouak/turing/2module/rails-projects/school/spec/features/students/user_deletes_a_student_spec.rb": [
        1,
        null,
        1,
        1,
        1,
        1,
        null,
        1,
        1,
        1,
        null,
        null,
        1,
        1,
        null,
        null
      ],
      "/Users/rajaaboulassouak/turing/2module/rails-projects/school/spec/features/students/user_edit_a_student_spec.rb": [
        1,
        null,
        1,
        1,
        1,
        1,
        1,
        null,
        1,
        1,
        1,
        null,
        1,
        1,
        1,
        null,
        null,
        null,
        null,
        1,
        1,
        1,
        null,
        1,
        1,
        null,
        1,
        null,
        null,
        null,
        1,
        1,
        1,
        null,
        1,
        1,
        null,
        1,
        null,
        null
      ],
      "/Users/rajaaboulassouak/turing/2module/rails-projects/school/spec/features/students/user_sees_all_students_spec.rb": [
        1,
        null,
        1,
        1,
        1,
        1,
        null,
        1,
        null,
        1,
        1,
        1,
        null,
        null,
        1,
        1,
        1,
        1,
        null,
        1,
        1,
        null,
        1,
        1,
        1,
        null,
        null,
        null,
        null,
        1,
        1,
        1,
        1,
        null,
        1,
        1,
        null,
        1,
        null,
        null,
        null
      ],
      "/Users/rajaaboulassouak/turing/2module/rails-projects/school/spec/features/students/user_sees_one_student_spec.rb": [
        1,
        null,
        1,
        1,
        1,
        null,
        1,
        null,
        1,
        1,
        null,
        null,
        null,
        1,
        1,
        1,
        null,
        1,
        1,
        null,
        1,
        null,
        null,
        null,
        1,
        1,
        1,
        null,
        1,
        1,
        null,
        1,
        null,
        null,
        null,
        null,
        null,
        null,
        null,
        null,
        null,
        null,
        null,
        null,
        null,
        null,
        null,
        null,
        null,
        null
      ],
      "/Users/rajaaboulassouak/turing/2module/rails-projects/school/spec/models/address_spec.rb": [
        1,
        1,
        2,
        2,
        2,
        2,
        2,
        null,
        null,
        1,
        2,
        null,
        null,
        null
      ],
      "/Users/rajaaboulassouak/turing/2module/rails-projects/school/app/models/address.rb": [
        1,
        1,
        1,
        null
      ],
      "/Users/rajaaboulassouak/turing/2module/rails-projects/school/app/models/application_record.rb": [
        1,
        1,
        null
      ],
      "/Users/rajaaboulassouak/turing/2module/rails-projects/school/spec/models/student_spec.rb": [
        1,
        null,
        1,
        1,
        2,
        null,
        null,
        1,
        2,
        null,
        null
      ],
      "/Users/rajaaboulassouak/turing/2module/rails-projects/school/app/models/student.rb": [
        1,
        1,
        1,
        null
      ],
      "/Users/rajaaboulassouak/turing/2module/rails-projects/school/app/controllers/students_controller.rb": [
        1,
        null,
        1,
        8,
        null,
        null,
        1,
        6,
        null,
        null,
        1,
        5,
        null,
        null,
        1,
        1,
        1,
        1,
        null,
        null,
        1,
        3,
        null,
        null,
        1,
        1,
        1,
        1,
        null,
        null,
        1,
        1,
        1,
        null,
        null,
        1,
        1,
        2,
        null,
        null
      ],
      "/Users/rajaaboulassouak/turing/2module/rails-projects/school/app/controllers/application_controller.rb": [
        1,
        1,
        null
      ]
    },
    "timestamp": 1535492430
  }
}
